  test.cpp
D:\C++ test\函数模板的应用\函数模板的应用\test.cpp(17,6): error C2429: 语言功能 "if/switch 中的 init-statement" 需要编译器标志 "/std:c++17"
D:\C++ test\函数模板的应用\函数模板的应用\test.cpp(17,24): error C2760: 语法错误: 此处出现意外的“;”；应为“)”
D:\C++ test\函数模板的应用\函数模板的应用\test.cpp(17,26): error C2065: “i”: 未声明的标识符
D:\C++ test\函数模板的应用\函数模板的应用\test.cpp(17,29): error C2760: 语法错误: 此处出现意外的“)”；应为“;”
D:\C++ test\函数模板的应用\函数模板的应用\test.cpp(17,29): error C3878: 语法错误:“expression-statement”后出现意外标记“)”
D:\C++ test\函数模板的应用\函数模板的应用\test.cpp(17,29): message : 已跳过错误恢复:“)”
D:\C++ test\函数模板的应用\函数模板的应用\test.cpp(19,13): error C2065: “i”: 未声明的标识符
D:\C++ test\函数模板的应用\函数模板的应用\test.cpp(20,16): error C2065: “i”: 未声明的标识符
D:\C++ test\函数模板的应用\函数模板的应用\test.cpp(27,14): error C2065: “i”: 未声明的标识符
D:\C++ test\函数模板的应用\函数模板的应用\test.cpp(30,29): error C2065: “i”: 未声明的标识符
